<?xml version="1.0" encoding="UTF-8"?>
<!-- Generated by org.testng.reporters.JUnitXMLReporter -->
<testsuite ignored="0" hostname="LAPTOP-K348FQ4G" failures="0" tests="13" name="Test" time="80.293" errors="0" timestamp="2024-03-28T19:51:09 IST">
  <testcase classname="test.LoginTest" name="verifyLogin" time="1.591"/>
  <testcase classname="test.ClientsTest" name="verifyCreateClient" time="3.497"/>
  <testcase classname="test.ClientsTest" name="verifyClientSearch" time="1.719"/>
  <testcase classname="test.ClientsTest" name="verifyEditClient" time="4.246"/>
  <testcase classname="test.ClientsTest" name="verifyDeleteCompanyName" time="5.636"/>
  <testcase classname="test.ItemsTest" name="verifyCreateItems" time="5.086"/>
  <testcase classname="test.ItemsTest" name="verifySearchItem" time="2.681"/>
  <testcase classname="test.ItemsTest" name="verifyEditItem" time="3.692"/>
  <testcase classname="test.ItemsTest" name="verifyDeleteItem" time="4.602"/>
  <testcase classname="test.ProjectsTest" name="verifyCreateProject" time="4.059"/>
  <testcase classname="test.ProjectsTest" name="verifySearchProject" time="2.607"/>
  <testcase classname="test.ProjectsTest" name="verifyEditProject" time="3.71"/>
  <testcase classname="test.ProjectsTest" name="verifyDeleteProject" time="6.377"/>
</testsuite> <!-- Test -->
