<?xml version="1.0" encoding="UTF-8"?>
<!-- Generated by org.testng.reporters.JUnitXMLReporter -->
<testsuite ignored="3" hostname="LAPTOP-K348FQ4G" failures="0" tests="1" name="Default test" time="7.972" errors="0" timestamp="2024-03-28T18:39:26 IST">
  <testcase classname="test.ProjectsTest" name="verifyCreateProject" time="3.233"/>
  <testcase classname="test.ProjectsTest" name="verifySearchProject" time="0.0">
    <ignored/>
  </testcase> <!-- verifySearchProject -->
  <testcase classname="test.ProjectsTest" name="verifyDeleteProject" time="0.0">
    <ignored/>
  </testcase> <!-- verifyDeleteProject -->
  <testcase classname="test.ProjectsTest" name="verifyEditProject" time="0.0">
    <ignored/>
  </testcase> <!-- verifyEditProject -->
</testsuite> <!-- Default test -->
