<?xml version="1.0" encoding="UTF-8"?>
<!-- Generated by org.testng.reporters.JUnitXMLReporter -->
<testsuite ignored="3" hostname="LAPTOP-K348FQ4G" failures="0" tests="1" name="Default test" time="10.158" errors="0" timestamp="2024-03-28T20:31:06 IST">
  <testcase classname="test.ItemsTest" name="verifyCreateItems" time="5.614"/>
  <testcase classname="test.ItemsTest" name="verifyEditItem" time="0.0">
    <ignored/>
  </testcase> <!-- verifyEditItem -->
  <testcase classname="test.ItemsTest" name="verifyDeleteItem" time="0.0">
    <ignored/>
  </testcase> <!-- verifyDeleteItem -->
  <testcase classname="test.ItemsTest" name="verifySearchItem" time="0.0">
    <ignored/>
  </testcase> <!-- verifySearchItem -->
</testsuite> <!-- Default test -->
