<?xml version="1.0" encoding="UTF-8"?>
<testsuite xmlns:xsi="http://www.w3.org/2001/XMLSchema-instance" xsi:noNamespaceSchemaLocation="https://maven.apache.org/surefire/maven-surefire-plugin/xsd/surefire-test-report.xsd" name="TestSuite" time="55.547" tests="9" errors="0" skipped="0" failures="2">
  <properties>
[...]
</properties>
  <testcase name="verifyLogin" classname="test.LoginTest" time="1.223"/>
  <testcase name="verifyCreateClient" classname="test.ClientsTest" time="4.008"/>
  <testcase name="verifyClientSearch" classname="test.ClientsTest" time="1.495">
    <failure message="expected [AEK] but found [AE4]" type="java.lang.AssertionError">java.lang.AssertionError: expected [AEK] but found [AE4]
	at test.ClientsTest.verifyClientSearch(ClientsTest.java:29)
</failure>
    <system-err><![CDATA[Mar 20, 2024 8:51:50 PM org.openqa.selenium.devtools.CdpVersionFinder findNearestMatch
WARNING: Unable to find an exact match for CDP version 122, returning the closest version; found: 120; Please update to a Selenium version that supports CDP version 122
]]></system-err>
  </testcase>
  <testcase name="verifyEditClient" classname="test.ClientsTest" time="3.1"/>
  <testcase name="verifyDeleteCompanyName" classname="test.ClientsTest" time="6.634">
    <failure message="expected [No record found.] but found [1116]" type="java.lang.AssertionError">java.lang.AssertionError: expected [No record found.] but found [1116]
	at test.ClientsTest.verifyDeleteCompanyName(ClientsTest.java:50)
</failure>
    <system-err><![CDATA[Mar 20, 2024 8:52:00 PM org.openqa.selenium.devtools.CdpVersionFinder findNearestMatch
WARNING: Unable to find an exact match for CDP version 122, returning the closest version; found: 120; Please update to a Selenium version that supports CDP version 122
]]></system-err>
  </testcase>
  <testcase name="verifyCreateItems" classname="test.ItemsTest" time="3.566"/>
  <testcase name="verifySearchItem" classname="test.ItemsTest" time="2.047"/>
  <testcase name="verifyEditItem" classname="test.ItemsTest" time="3.56"/>
  <testcase name="verifyDeleteItem" classname="test.ItemsTest" time="2.99"/>
</testsuite>