<?xml version="1.0" encoding="UTF-8"?>
<testng-results ignored="3" total="4" passed="1" failed="0" skipped="0">
  <reporter-output>
  </reporter-output>
  <suite started-at="2024-03-28T20:30:56 IST" name="Default suite" finished-at="2024-03-28T20:31:06 IST" duration-ms="10158">
    <groups>
      <group name="regression">
        <method signature="ItemsTest.verifyCreateItems()[pri:1, instance:test.ItemsTest@6ca8564a]" name="verifyCreateItems" class="test.ItemsTest"/>
      </group> <!-- regression -->
      <group name="smoke">
        <method signature="ItemsTest.verifyCreateItems()[pri:1, instance:test.ItemsTest@6ca8564a]" name="verifyCreateItems" class="test.ItemsTest"/>
      </group> <!-- smoke -->
    </groups>
    <test started-at="2024-03-28T20:30:56 IST" name="Default test" finished-at="2024-03-28T20:31:06 IST" duration-ms="10158">
      <class name="test.ItemsTest">
        <test-method is-config="true" signature="beforeMethod(java.lang.String)[pri:0, instance:test.ItemsTest@6ca8564a]" started-at="2024-03-28T20:30:56 IST" name="beforeMethod" finished-at="2024-03-28T20:31:00 IST" duration-ms="4328" status="PASS">
          <params>
            <param index="0">
              <value>
                <![CDATA[chrome]]>
              </value>
            </param>
          </params>
          <reporter-output>
          </reporter-output>
        </test-method> <!-- beforeMethod -->
        <test-method signature="verifyCreateItems()[pri:1, instance:test.ItemsTest@6ca8564a]" started-at="2024-03-28T20:31:00 IST" name="verifyCreateItems" finished-at="2024-03-28T20:31:06 IST" duration-ms="5614" status="PASS">
          <reporter-output>
          </reporter-output>
        </test-method> <!-- verifyCreateItems -->
        <test-method is-config="true" signature="afterMethod(org.testng.ITestResult)[pri:0, instance:test.ItemsTest@6ca8564a]" started-at="2024-03-28T20:31:06 IST" name="afterMethod" finished-at="2024-03-28T20:31:06 IST" duration-ms="184" status="PASS">
          <params>
            <param index="0">
              <value>
                <![CDATA[[TestResult name=verifyCreateItems status=SUCCESS method=ItemsTest.verifyCreateItems()[pri:1, instance:test.ItemsTest@6ca8564a] output={null}]]]>
              </value>
            </param>
          </params>
          <reporter-output>
          </reporter-output>
        </test-method> <!-- afterMethod -->
      </class> <!-- test.ItemsTest -->
    </test> <!-- Default test -->
  </suite> <!-- Default suite -->
</testng-results>
